# JRE version: OpenJDK Runtime Environment (11.0.11+9) (build 11.0.11+9-b60-7590822)
# Java VM: OpenJDK 64-Bit Server VM (11.0.11+9-b60-7590822, mixed mode, tiered, compressed oops, g1 gc, windows-amd64)
Heap:
 garbage-first heap   total 260096K, used 113048K [0x0000000080000000, 0x0000000100000000)
  region size 1024K, 30 young (30720K), 16 survivors (16384K)
 Metaspace       used 110858K, capacity 114137K, committed 114364K, reserved 1148928K
  class space    used 14385K, capacity 15694K, committed 15768K, reserved 1048576K
GC Heap History (20 events):
Event: 4.699 GC heap before
{Heap before GC invocations=4 (full 0):
 garbage-first heap   total 260096K, used 98064K [0x0000000080000000, 0x0000000100000000)
  region size 1024K, 81 young (82944K), 2 survivors (2048K)
 Metaspace       used 34909K, capacity 35660K, committed 35708K, reserved 1081344K
  class space    used 4537K, capacity 4861K, committed 4864K, reserved 1048576K
}
Event: 4.707 GC heap after
{Heap after GC invocations=5 (full 0):
 garbage-first heap   total 260096K, used 22324K [0x0000000080000000, 0x0000000100000000)
  region size 1024K, 6 young (6144K), 6 survivors (6144K)
 Metaspace       used 34909K, capacity 35660K, committed 35708K, reserved 1081344K
  class space    used 4537K, capacity 4861K, committed 4864K, reserved 1048576K
}
Event: 6.399 GC heap before
{Heap before GC invocations=6 (full 0):
 garbage-first heap   total 260096K, used 149300K [0x0000000080000000, 0x0000000100000000)
  region size 1024K, 127 young (130048K), 6 survivors (6144K)
 Metaspace       used 45327K, capacity 46331K, committed 46588K, reserved 1089536K
  class space    used 5814K, capacity 6207K, committed 6272K, reserved 1048576K
}
Event: 6.408 GC heap after
{Heap after GC invocations=7 (full 0):
 garbage-first heap   total 260096K, used 29297K [0x0000000080000000, 0x0000000100000000)
  region size 1024K, 13 young (13312K), 13 survivors (13312K)
 Metaspace       used 45327K, capacity 46331K, committed 46588K, reserved 1089536K
  class space    used 5814K, capacity 6207K, committed 6272K, reserved 1048576K
}
Event: 8.304 GC heap before
{Heap before GC invocations=7 (full 0):
 garbage-first heap   total 260096K, used 176753K [0x0000000080000000, 0x0000000100000000)
  region size 1024K, 149 young (152576K), 13 survivors (13312K)
 Metaspace       used 56280K, capacity 57640K, committed 57724K, reserved 1099776K
  class space    used 7117K, capacity 7611K, committed 7680K, reserved 1048576K
}
Event: 8.315 GC heap after
{Heap after GC invocations=8 (full 0):
 garbage-first heap   total 260096K, used 49507K [0x0000000080000000, 0x0000000100000000)
  region size 1024K, 18 young (18432K), 18 survivors (18432K)
 Metaspace       used 56280K, capacity 57640K, committed 57724K, reserved 1099776K
  class space    used 7117K, capacity 7611K, committed 7680K, reserved 1048576K
}
Event: 8.587 GC heap before
{Heap before GC invocations=8 (full 0):
 garbage-first heap   total 260096K, used 67939K [0x0000000080000000, 0x0000000100000000)
  region size 1024K, 37 young (37888K), 18 survivors (18432K)
 Metaspace       used 58534K, capacity 59897K, committed 59940K, reserved 1101824K
  class space    used 7391K, capacity 7933K, committed 7936K, reserved 1048576K
}
Event: 8.606 GC heap after
{Heap after GC invocations=9 (full 0):
 garbage-first heap   total 260096K, used 51367K [0x0000000080000000, 0x0000000100000000)
  region size 1024K, 3 young (3072K), 3 survivors (3072K)
 Metaspace       used 58534K, capacity 59897K, committed 59940K, reserved 1101824K
  class space    used 7391K, capacity 7933K, committed 7936K, reserved 1048576K
}
Event: 10.170 GC heap before
{Heap before GC invocations=10 (full 0):
 garbage-first heap   total 260096K, used 177319K [0x0000000080000000, 0x0000000100000000)
  region size 1024K, 126 young (129024K), 3 survivors (3072K)
 Metaspace       used 68178K, capacity 69742K, committed 69948K, reserved 1110016K
  class space    used 8600K, capacity 9194K, committed 9240K, reserved 1048576K
}
Event: 10.182 GC heap after
{Heap after GC invocations=11 (full 0):
 garbage-first heap   total 260096K, used 59315K [0x0000000080000000, 0x0000000100000000)
  region size 1024K, 11 young (11264K), 11 survivors (11264K)
 Metaspace       used 68178K, capacity 69742K, committed 69948K, reserved 1110016K
  class space    used 8600K, capacity 9194K, committed 9240K, reserved 1048576K
}
Event: 12.127 GC heap before
{Heap before GC invocations=12 (full 0):
 garbage-first heap   total 260096K, used 185267K [0x0000000080000000, 0x0000000100000000)
  region size 1024K, 134 young (137216K), 11 survivors (11264K)
 Metaspace       used 81301K, capacity 83008K, committed 83260K, reserved 1122304K
  class space    used 10528K, capacity 11196K, committed 11288K, reserved 1048576K
}
Event: 12.136 GC heap after
{Heap after GC invocations=13 (full 0):
 garbage-first heap   total 260096K, used 67324K [0x0000000080000000, 0x0000000100000000)
  region size 1024K, 9 young (9216K), 9 survivors (9216K)
 Metaspace       used 81301K, capacity 83008K, committed 83260K, reserved 1122304K
  class space    used 10528K, capacity 11196K, committed 11288K, reserved 1048576K
}
Event: 13.713 GC heap before
{Heap before GC invocations=13 (full 0):
 garbage-first heap   total 260096K, used 190204K [0x0000000080000000, 0x0000000100000000)
  region size 1024K, 130 young (133120K), 9 survivors (9216K)
 Metaspace       used 87428K, capacity 89596K, committed 89788K, reserved 1126400K
  class space    used 11271K, capacity 12100K, committed 12184K, reserved 1048576K
}
Event: 13.724 GC heap after
{Heap after GC invocations=14 (full 0):
 garbage-first heap   total 260096K, used 77391K [0x0000000080000000, 0x0000000100000000)
  region size 1024K, 17 young (17408K), 17 survivors (17408K)
 Metaspace       used 87428K, capacity 89596K, committed 89788K, reserved 1126400K
  class space    used 11271K, capacity 12100K, committed 12184K, reserved 1048576K
}
Event: 16.895 GC heap before
{Heap before GC invocations=14 (full 0):
 garbage-first heap   total 260096K, used 195151K [0x0000000080000000, 0x0000000100000000)
  region size 1024K, 133 young (136192K), 17 survivors (17408K)
 Metaspace       used 92744K, capacity 94961K, committed 95292K, reserved 1132544K
  class space    used 11899K, capacity 12705K, committed 12824K, reserved 1048576K
}
Event: 16.910 GC heap after
{Heap after GC invocations=15 (full 0):
 garbage-first heap   total 260096K, used 86093K [0x0000000080000000, 0x0000000100000000)
  region size 1024K, 9 young (9216K), 9 survivors (9216K)
 Metaspace       used 92744K, capacity 94961K, committed 95292K, reserved 1132544K
  class space    used 11899K, capacity 12705K, committed 12824K, reserved 1048576K
}
Event: 22.090 GC heap before
{Heap before GC invocations=15 (full 0):
 garbage-first heap   total 260096K, used 200781K [0x0000000080000000, 0x0000000100000000)
  region size 1024K, 121 young (123904K), 9 survivors (9216K)
 Metaspace       used 98466K, capacity 100885K, committed 100924K, reserved 1136640K
  class space    used 12622K, capacity 13561K, committed 13592K, reserved 1048576K
}
Event: 22.101 GC heap after
{Heap after GC invocations=16 (full 0):
 garbage-first heap   total 260096K, used 90469K [0x0000000080000000, 0x0000000100000000)
  region size 1024K, 13 young (13312K), 13 survivors (13312K)
 Metaspace       used 98466K, capacity 100885K, committed 100924K, reserved 1136640K
  class space    used 12622K, capacity 13561K, committed 13592K, reserved 1048576K
}
Event: 24.695 GC heap before
{Heap before GC invocations=16 (full 0):
 garbage-first heap   total 260096K, used 205157K [0x0000000080000000, 0x0000000100000000)
  region size 1024K, 124 young (126976K), 13 survivors (13312K)
 Metaspace       used 109313K, capacity 112407K, committed 112572K, reserved 1146880K
  class space    used 14195K, capacity 15423K, committed 15512K, reserved 1048576K
}
Event: 24.718 GC heap after
{Heap after GC invocations=17 (full 0):
 garbage-first heap   total 260096K, used 100760K [0x0000000080000000, 0x0000000100000000)
  region size 1024K, 16 young (16384K), 16 survivors (16384K)
 Metaspace       used 109313K, capacity 112407K, committed 112572K, reserved 1146880K
  class space    used 14195K, capacity 15423K, committed 15512K, reserved 1048576K
}

